---------------------------------------------------------------
[ 2018-06-13T11:59:56+08:00 ] 127.0.0.1 GET /
[ info ] admin.yubei.cn/ [运行时间：0.090019s][吞吐率：11.11req/s] [内存消耗：1,179.66kb] [文件加载：44]
[ info ] [ LANG ] D:\phpStudy\PHPTutorial\WWW\yubei\admin\thinkphp\lang\zh-cn.php
[ info ] [ ROUTE ] array (
  'type' => 'module',
  'module' => 
  array (
    0 => NULL,
    1 => '',
    2 => NULL,
  ),
)
[ info ] [ HEADER ] array (
  'accept-language' => 'zh-CN,zh;q=0.9',
  'accept-encoding' => 'gzip, deflate',
  'accept' => 'text/html,application/xhtml+xml,application/xml;q=0.9,image/webp,image/apng,*/*;q=0.8',
  'upgrade-insecure-requests' => '1',
  'user-agent' => 'Mozilla/5.0 (Windows NT 10.0; WOW64) AppleWebKit/537.36 (KHTML, like Gecko) Chrome/62.0.3202.75 Safari/537.36',
  'connection' => 'close',
  'host' => 'admin.yubei.cn',
)
[ info ] [ PARAM ] array (
)
[ info ] [ SESSION ] INIT array (
  'id' => '',
  'var_session_id' => '',
  'prefix' => 'think',
  'type' => '',
  'auto_start' => true,
)
[ info ] [ LOG ] INIT File
---------------------------------------------------------------
[ 2018-06-13T11:59:56+08:00 ] 127.0.0.1 GET /login/index.html
[ info ] admin.yubei.cn/login/index.html [运行时间：0.063748s][吞吐率：15.69req/s] [内存消耗：1,294.16kb] [文件加载：45]
[ info ] [ LANG ] D:\phpStudy\PHPTutorial\WWW\yubei\admin\thinkphp\lang\zh-cn.php
[ info ] [ ROUTE ] array (
  'type' => 'module',
  'module' => 
  array (
    0 => NULL,
    1 => 'login',
    2 => 'index',
  ),
)
[ info ] [ HEADER ] array (
  'cookie' => 'PHPSESSID=aejvpa7eedijrcobf4k7mrvqp5',
  'accept-language' => 'zh-CN,zh;q=0.9',
  'accept-encoding' => 'gzip, deflate',
  'accept' => 'text/html,application/xhtml+xml,application/xml;q=0.9,image/webp,image/apng,*/*;q=0.8',
  'upgrade-insecure-requests' => '1',
  'user-agent' => 'Mozilla/5.0 (Windows NT 10.0; WOW64) AppleWebKit/537.36 (KHTML, like Gecko) Chrome/62.0.3202.75 Safari/537.36',
  'connection' => 'close',
  'host' => 'admin.yubei.cn',
)
[ info ] [ PARAM ] array (
)
[ info ] [ RUN ] app\controller\Login->index[ D:\phpStudy\PHPTutorial\WWW\yubei\admin\app\controller\Login.php ]
[ info ] [ VIEW ] D:\phpStudy\PHPTutorial\WWW\yubei\admin\public/../app/view\login\index.html [ array (
) ]
[ info ] [ LOG ] INIT File
---------------------------------------------------------------
[ 2018-06-13T11:59:58+08:00 ] 127.0.0.1 POST /login/login.html
[ info ] admin.yubei.cn/login/login.html [运行时间：0.086244s][吞吐率：11.60req/s] [内存消耗：2,011.58kb] [文件加载：52]
[ info ] [ LANG ] D:\phpStudy\PHPTutorial\WWW\yubei\admin\thinkphp\lang\zh-cn.php
[ info ] [ ROUTE ] array (
  'type' => 'module',
  'module' => 
  array (
    0 => NULL,
    1 => 'login',
    2 => 'login',
  ),
)
[ info ] [ HEADER ] array (
  'cookie' => 'PHPSESSID=aejvpa7eedijrcobf4k7mrvqp5',
  'accept-language' => 'zh-CN,zh;q=0.9',
  'accept-encoding' => 'gzip, deflate',
  'referer' => 'http://admin.yubei.cn/login/index.html',
  'content-type' => 'application/x-www-form-urlencoded; charset=UTF-8',
  'user-agent' => 'Mozilla/5.0 (Windows NT 10.0; WOW64) AppleWebKit/537.36 (KHTML, like Gecko) Chrome/62.0.3202.75 Safari/537.36',
  'x-requested-with' => 'XMLHttpRequest',
  'origin' => 'http://admin.yubei.cn',
  'accept' => 'application/json, text/javascript, */*; q=0.01',
  'content-length' => '43',
  'connection' => 'close',
  'host' => 'admin.yubei.cn',
)
[ info ] [ PARAM ] array (
  'do_login' => 'true',
  'username' => 'admin',
  'password' => 'admin',
)
[ info ] [ RUN ] app\controller\Login->login[ D:\phpStudy\PHPTutorial\WWW\yubei\admin\app\controller\Login.php ]
[ info ] [ DB ] INIT mysql
[ info ] [ SESSION ] INIT array (
  'id' => '',
  'var_session_id' => '',
  'prefix' => 'think',
  'type' => '',
  'auto_start' => true,
)
[ info ] [ LOG ] INIT File
[ sql ] [ DB ] CONNECT:[ UseTime:0.001742s ] mysql:host=127.0.0.1;port=3306;dbname=yubei;charset=utf8
[ sql ] [ SQL ] SHOW COLUMNS FROM `yb_admin` [ RunTime:0.016782s ]
[ sql ] [ SQL ] SELECT * FROM `yb_admin` WHERE  `username` = 'admin' LIMIT 1 [ RunTime:0.001309s ]
---------------------------------------------------------------
[ 2018-06-13T11:59:59+08:00 ] 127.0.0.1 GET /index/index.html
[ info ] admin.yubei.cn/index/index.html [运行时间：0.107573s][吞吐率：9.30req/s] [内存消耗：2,138.41kb] [文件加载：55]
[ info ] [ LANG ] D:\phpStudy\PHPTutorial\WWW\yubei\admin\thinkphp\lang\zh-cn.php
[ info ] [ ROUTE ] array (
  'type' => 'module',
  'module' => 
  array (
    0 => NULL,
    1 => 'index',
    2 => 'index',
  ),
)
[ info ] [ HEADER ] array (
  'cookie' => 'PHPSESSID=aejvpa7eedijrcobf4k7mrvqp5',
  'accept-language' => 'zh-CN,zh;q=0.9',
  'accept-encoding' => 'gzip, deflate',
  'referer' => 'http://admin.yubei.cn/login/index.html',
  'accept' => 'text/html,application/xhtml+xml,application/xml;q=0.9,image/webp,image/apng,*/*;q=0.8',
  'user-agent' => 'Mozilla/5.0 (Windows NT 10.0; WOW64) AppleWebKit/537.36 (KHTML, like Gecko) Chrome/62.0.3202.75 Safari/537.36',
  'upgrade-insecure-requests' => '1',
  'connection' => 'close',
  'host' => 'admin.yubei.cn',
)
[ info ] [ PARAM ] array (
)
[ info ] [ SESSION ] INIT array (
  'id' => '',
  'var_session_id' => '',
  'prefix' => 'think',
  'type' => '',
  'auto_start' => true,
)
[ info ] [ DB ] INIT mysql
[ info ] [ RUN ] app\controller\Index->index[ D:\phpStudy\PHPTutorial\WWW\yubei\admin\app\controller\Index.php ]
[ info ] [ VIEW ] D:\phpStudy\PHPTutorial\WWW\yubei\admin\public/../app/view\index\index.html [ array (
  0 => '_user',
  1 => '_menuList',
) ]
[ info ] [ LOG ] INIT File
[ sql ] [ DB ] CONNECT:[ UseTime:0.001749s ] mysql:host=127.0.0.1;port=3306;dbname=yubei;charset=utf8
[ sql ] [ SQL ] SHOW COLUMNS FROM `yb_admin` [ RunTime:0.012576s ]
[ sql ] [ SQL ] SELECT * FROM `yb_admin` WHERE  `id` = 1 LIMIT 1 [ RunTime:0.000987s ]
[ sql ] [ SQL ] SHOW COLUMNS FROM `yb_admin_menu` [ RunTime:0.018090s ]
[ sql ] [ SQL ] SELECT * FROM `yb_admin_menu` WHERE  `status` = 0  AND `level` = 0 [ RunTime:0.001309s ]
[ sql ] [ SQL ] SELECT * FROM `yb_admin_menu` WHERE  `status` = 0  AND `level` > 0 [ RunTime:0.001014s ]
---------------------------------------------------------------
[ 2018-06-13T12:02:13+08:00 ] 127.0.0.1 GET /customer/index.html
[ info ] admin.yubei.cn/customer/index.html [运行时间：0.112675s][吞吐率：8.88req/s] [内存消耗：2,269.77kb] [文件加载：60]
[ info ] [ LANG ] D:\phpStudy\PHPTutorial\WWW\yubei\admin\thinkphp\lang\zh-cn.php
[ info ] [ ROUTE ] array (
  'type' => 'module',
  'module' => 
  array (
    0 => NULL,
    1 => 'customer',
    2 => 'index',
  ),
)
[ info ] [ HEADER ] array (
  'cookie' => 'PHPSESSID=aejvpa7eedijrcobf4k7mrvqp5',
  'accept-language' => 'zh-CN,zh;q=0.9',
  'accept-encoding' => 'gzip, deflate',
  'referer' => 'http://admin.yubei.cn/index/index.html',
  'accept' => 'text/html,application/xhtml+xml,application/xml;q=0.9,image/webp,image/apng,*/*;q=0.8',
  'user-agent' => 'Mozilla/5.0 (Windows NT 10.0; WOW64) AppleWebKit/537.36 (KHTML, like Gecko) Chrome/62.0.3202.75 Safari/537.36',
  'upgrade-insecure-requests' => '1',
  'connection' => 'close',
  'host' => 'admin.yubei.cn',
)
[ info ] [ PARAM ] array (
)
[ info ] [ SESSION ] INIT array (
  'id' => '',
  'var_session_id' => '',
  'prefix' => 'think',
  'type' => '',
  'auto_start' => true,
)
[ info ] [ DB ] INIT mysql
[ info ] [ RUN ] app\controller\Customer->index[ D:\phpStudy\PHPTutorial\WWW\yubei\admin\app\controller\Customer.php ]
[ info ] [ VIEW ] D:\phpStudy\PHPTutorial\WWW\yubei\admin\public/../app/view\customer\index.html [ array (
  0 => '_user',
  1 => '_menuList',
  2 => 'list',
) ]
[ info ] [ LOG ] INIT File
[ sql ] [ DB ] CONNECT:[ UseTime:0.001503s ] mysql:host=127.0.0.1;port=3306;dbname=yubei;charset=utf8
[ sql ] [ SQL ] SHOW COLUMNS FROM `yb_admin` [ RunTime:0.012406s ]
[ sql ] [ SQL ] SELECT * FROM `yb_admin` WHERE  `id` = 1 LIMIT 1 [ RunTime:0.000670s ]
[ sql ] [ SQL ] SHOW COLUMNS FROM `yb_admin_menu` [ RunTime:0.013017s ]
[ sql ] [ SQL ] SELECT * FROM `yb_admin_menu` WHERE  `status` = 0  AND `level` = 0 [ RunTime:0.000756s ]
[ sql ] [ SQL ] SELECT * FROM `yb_admin_menu` WHERE  `status` = 0  AND `level` > 0 [ RunTime:0.000589s ]
[ sql ] [ SQL ] SHOW COLUMNS FROM `yb_user` [ RunTime:0.012607s ]
[ sql ] [ SQL ] SELECT COUNT(*) AS tp_count FROM `yb_user` LIMIT 1 [ RunTime:0.000551s ]
[ sql ] [ SQL ] SELECT * FROM `yb_user` LIMIT 0,10 [ RunTime:0.000396s ]
---------------------------------------------------------------
[ 2018-06-13T12:02:16+08:00 ] 127.0.0.1 GET /
[ info ] admin.yubei.cn/ [运行时间：0.082571s][吞吐率：12.11req/s] [内存消耗：2,135.35kb] [文件加载：55]
[ info ] [ LANG ] D:\phpStudy\PHPTutorial\WWW\yubei\admin\thinkphp\lang\zh-cn.php
[ info ] [ ROUTE ] array (
  'type' => 'module',
  'module' => 
  array (
    0 => NULL,
    1 => '',
    2 => NULL,
  ),
)
[ info ] [ HEADER ] array (
  'cookie' => 'PHPSESSID=aejvpa7eedijrcobf4k7mrvqp5',
  'accept-language' => 'zh-CN,zh;q=0.9',
  'accept-encoding' => 'gzip, deflate',
  'referer' => 'http://admin.yubei.cn/customer/index.html',
  'accept' => 'text/html,application/xhtml+xml,application/xml;q=0.9,image/webp,image/apng,*/*;q=0.8',
  'user-agent' => 'Mozilla/5.0 (Windows NT 10.0; WOW64) AppleWebKit/537.36 (KHTML, like Gecko) Chrome/62.0.3202.75 Safari/537.36',
  'upgrade-insecure-requests' => '1',
  'connection' => 'close',
  'host' => 'admin.yubei.cn',
)
[ info ] [ PARAM ] array (
)
[ info ] [ SESSION ] INIT array (
  'id' => '',
  'var_session_id' => '',
  'prefix' => 'think',
  'type' => '',
  'auto_start' => true,
)
[ info ] [ DB ] INIT mysql
[ info ] [ RUN ] app\controller\Index->index[ D:\phpStudy\PHPTutorial\WWW\yubei\admin\app\controller\Index.php ]
[ info ] [ VIEW ] D:\phpStudy\PHPTutorial\WWW\yubei\admin\public/../app/view\index\index.html [ array (
  0 => '_user',
  1 => '_menuList',
) ]
[ info ] [ LOG ] INIT File
[ sql ] [ DB ] CONNECT:[ UseTime:0.001451s ] mysql:host=127.0.0.1;port=3306;dbname=yubei;charset=utf8
[ sql ] [ SQL ] SHOW COLUMNS FROM `yb_admin` [ RunTime:0.012115s ]
[ sql ] [ SQL ] SELECT * FROM `yb_admin` WHERE  `id` = 1 LIMIT 1 [ RunTime:0.000794s ]
[ sql ] [ SQL ] SHOW COLUMNS FROM `yb_admin_menu` [ RunTime:0.011966s ]
[ sql ] [ SQL ] SELECT * FROM `yb_admin_menu` WHERE  `status` = 0  AND `level` = 0 [ RunTime:0.000700s ]
[ sql ] [ SQL ] SELECT * FROM `yb_admin_menu` WHERE  `status` = 0  AND `level` > 0 [ RunTime:0.000487s ]
---------------------------------------------------------------
[ 2018-06-13T12:02:19+08:00 ] 127.0.0.1 GET /customer/index.html
[ info ] admin.yubei.cn/customer/index.html [运行时间：0.104698s][吞吐率：9.55req/s] [内存消耗：2,269.79kb] [文件加载：60]
[ info ] [ LANG ] D:\phpStudy\PHPTutorial\WWW\yubei\admin\thinkphp\lang\zh-cn.php
[ info ] [ ROUTE ] array (
  'type' => 'module',
  'module' => 
  array (
    0 => NULL,
    1 => 'customer',
    2 => 'index',
  ),
)
[ info ] [ HEADER ] array (
  'cookie' => 'PHPSESSID=aejvpa7eedijrcobf4k7mrvqp5',
  'accept-language' => 'zh-CN,zh;q=0.9',
  'accept-encoding' => 'gzip, deflate',
  'referer' => 'http://admin.yubei.cn/',
  'accept' => 'text/html,application/xhtml+xml,application/xml;q=0.9,image/webp,image/apng,*/*;q=0.8',
  'user-agent' => 'Mozilla/5.0 (Windows NT 10.0; WOW64) AppleWebKit/537.36 (KHTML, like Gecko) Chrome/62.0.3202.75 Safari/537.36',
  'upgrade-insecure-requests' => '1',
  'connection' => 'close',
  'host' => 'admin.yubei.cn',
)
[ info ] [ PARAM ] array (
)
[ info ] [ SESSION ] INIT array (
  'id' => '',
  'var_session_id' => '',
  'prefix' => 'think',
  'type' => '',
  'auto_start' => true,
)
[ info ] [ DB ] INIT mysql
[ info ] [ RUN ] app\controller\Customer->index[ D:\phpStudy\PHPTutorial\WWW\yubei\admin\app\controller\Customer.php ]
[ info ] [ VIEW ] D:\phpStudy\PHPTutorial\WWW\yubei\admin\public/../app/view\customer\index.html [ array (
  0 => '_user',
  1 => '_menuList',
  2 => 'list',
) ]
[ info ] [ LOG ] INIT File
[ sql ] [ DB ] CONNECT:[ UseTime:0.001453s ] mysql:host=127.0.0.1;port=3306;dbname=yubei;charset=utf8
[ sql ] [ SQL ] SHOW COLUMNS FROM `yb_admin` [ RunTime:0.012481s ]
[ sql ] [ SQL ] SELECT * FROM `yb_admin` WHERE  `id` = 1 LIMIT 1 [ RunTime:0.000908s ]
[ sql ] [ SQL ] SHOW COLUMNS FROM `yb_admin_menu` [ RunTime:0.012484s ]
[ sql ] [ SQL ] SELECT * FROM `yb_admin_menu` WHERE  `status` = 0  AND `level` = 0 [ RunTime:0.001188s ]
[ sql ] [ SQL ] SELECT * FROM `yb_admin_menu` WHERE  `status` = 0  AND `level` > 0 [ RunTime:0.000545s ]
[ sql ] [ SQL ] SHOW COLUMNS FROM `yb_user` [ RunTime:0.013103s ]
[ sql ] [ SQL ] SELECT COUNT(*) AS tp_count FROM `yb_user` LIMIT 1 [ RunTime:0.000540s ]
[ sql ] [ SQL ] SELECT * FROM `yb_user` LIMIT 0,10 [ RunTime:0.000399s ]
---------------------------------------------------------------
[ 2018-06-13T12:02:21+08:00 ] 127.0.0.1 GET /
[ info ] admin.yubei.cn/ [运行时间：0.083790s][吞吐率：11.93req/s] [内存消耗：2,135.35kb] [文件加载：55]
[ info ] [ LANG ] D:\phpStudy\PHPTutorial\WWW\yubei\admin\thinkphp\lang\zh-cn.php
[ info ] [ ROUTE ] array (
  'type' => 'module',
  'module' => 
  array (
    0 => NULL,
    1 => '',
    2 => NULL,
  ),
)
[ info ] [ HEADER ] array (
  'cookie' => 'PHPSESSID=aejvpa7eedijrcobf4k7mrvqp5',
  'accept-language' => 'zh-CN,zh;q=0.9',
  'accept-encoding' => 'gzip, deflate',
  'referer' => 'http://admin.yubei.cn/customer/index.html',
  'accept' => 'text/html,application/xhtml+xml,application/xml;q=0.9,image/webp,image/apng,*/*;q=0.8',
  'user-agent' => 'Mozilla/5.0 (Windows NT 10.0; WOW64) AppleWebKit/537.36 (KHTML, like Gecko) Chrome/62.0.3202.75 Safari/537.36',
  'upgrade-insecure-requests' => '1',
  'connection' => 'close',
  'host' => 'admin.yubei.cn',
)
[ info ] [ PARAM ] array (
)
[ info ] [ SESSION ] INIT array (
  'id' => '',
  'var_session_id' => '',
  'prefix' => 'think',
  'type' => '',
  'auto_start' => true,
)
[ info ] [ DB ] INIT mysql
[ info ] [ RUN ] app\controller\Index->index[ D:\phpStudy\PHPTutorial\WWW\yubei\admin\app\controller\Index.php ]
[ info ] [ VIEW ] D:\phpStudy\PHPTutorial\WWW\yubei\admin\public/../app/view\index\index.html [ array (
  0 => '_user',
  1 => '_menuList',
) ]
[ info ] [ LOG ] INIT File
[ sql ] [ DB ] CONNECT:[ UseTime:0.001521s ] mysql:host=127.0.0.1;port=3306;dbname=yubei;charset=utf8
[ sql ] [ SQL ] SHOW COLUMNS FROM `yb_admin` [ RunTime:0.012083s ]
[ sql ] [ SQL ] SELECT * FROM `yb_admin` WHERE  `id` = 1 LIMIT 1 [ RunTime:0.000910s ]
[ sql ] [ SQL ] SHOW COLUMNS FROM `yb_admin_menu` [ RunTime:0.011134s ]
[ sql ] [ SQL ] SELECT * FROM `yb_admin_menu` WHERE  `status` = 0  AND `level` = 0 [ RunTime:0.000863s ]
[ sql ] [ SQL ] SELECT * FROM `yb_admin_menu` WHERE  `status` = 0  AND `level` > 0 [ RunTime:0.000505s ]
---------------------------------------------------------------
[ 2018-06-13T12:02:24+08:00 ] 127.0.0.1 GET /
[ info ] admin.yubei.cn/ [运行时间：0.084723s][吞吐率：11.80req/s] [内存消耗：2,135.27kb] [文件加载：55]
[ info ] [ LANG ] D:\phpStudy\PHPTutorial\WWW\yubei\admin\thinkphp\lang\zh-cn.php
[ info ] [ ROUTE ] array (
  'type' => 'module',
  'module' => 
  array (
    0 => NULL,
    1 => '',
    2 => NULL,
  ),
)
[ info ] [ HEADER ] array (
  'cookie' => 'PHPSESSID=aejvpa7eedijrcobf4k7mrvqp5',
  'accept-language' => 'zh-CN,zh;q=0.9',
  'accept-encoding' => 'gzip, deflate',
  'referer' => 'http://admin.yubei.cn/',
  'accept' => 'text/html,application/xhtml+xml,application/xml;q=0.9,image/webp,image/apng,*/*;q=0.8',
  'user-agent' => 'Mozilla/5.0 (Windows NT 10.0; WOW64) AppleWebKit/537.36 (KHTML, like Gecko) Chrome/62.0.3202.75 Safari/537.36',
  'upgrade-insecure-requests' => '1',
  'connection' => 'close',
  'host' => 'admin.yubei.cn',
)
[ info ] [ PARAM ] array (
)
[ info ] [ SESSION ] INIT array (
  'id' => '',
  'var_session_id' => '',
  'prefix' => 'think',
  'type' => '',
  'auto_start' => true,
)
[ info ] [ DB ] INIT mysql
[ info ] [ RUN ] app\controller\Index->index[ D:\phpStudy\PHPTutorial\WWW\yubei\admin\app\controller\Index.php ]
[ info ] [ VIEW ] D:\phpStudy\PHPTutorial\WWW\yubei\admin\public/../app/view\index\index.html [ array (
  0 => '_user',
  1 => '_menuList',
) ]
[ info ] [ LOG ] INIT File
[ sql ] [ DB ] CONNECT:[ UseTime:0.001467s ] mysql:host=127.0.0.1;port=3306;dbname=yubei;charset=utf8
[ sql ] [ SQL ] SHOW COLUMNS FROM `yb_admin` [ RunTime:0.011488s ]
[ sql ] [ SQL ] SELECT * FROM `yb_admin` WHERE  `id` = 1 LIMIT 1 [ RunTime:0.000914s ]
[ sql ] [ SQL ] SHOW COLUMNS FROM `yb_admin_menu` [ RunTime:0.011867s ]
[ sql ] [ SQL ] SELECT * FROM `yb_admin_menu` WHERE  `status` = 0  AND `level` = 0 [ RunTime:0.000730s ]
[ sql ] [ SQL ] SELECT * FROM `yb_admin_menu` WHERE  `status` = 0  AND `level` > 0 [ RunTime:0.000767s ]
---------------------------------------------------------------
[ 2018-06-13T12:02:25+08:00 ] 127.0.0.1 GET /channel/index.html
[ info ] admin.yubei.cn/channel/index.html [运行时间：0.110316s][吞吐率：9.06req/s] [内存消耗：2,293.09kb] [文件加载：60]
[ info ] [ LANG ] D:\phpStudy\PHPTutorial\WWW\yubei\admin\thinkphp\lang\zh-cn.php
[ info ] [ ROUTE ] array (
  'type' => 'module',
  'module' => 
  array (
    0 => NULL,
    1 => 'channel',
    2 => 'index',
  ),
)
[ info ] [ HEADER ] array (
  'cookie' => 'PHPSESSID=aejvpa7eedijrcobf4k7mrvqp5',
  'accept-language' => 'zh-CN,zh;q=0.9',
  'accept-encoding' => 'gzip, deflate',
  'referer' => 'http://admin.yubei.cn/',
  'accept' => 'text/html,application/xhtml+xml,application/xml;q=0.9,image/webp,image/apng,*/*;q=0.8',
  'user-agent' => 'Mozilla/5.0 (Windows NT 10.0; WOW64) AppleWebKit/537.36 (KHTML, like Gecko) Chrome/62.0.3202.75 Safari/537.36',
  'upgrade-insecure-requests' => '1',
  'connection' => 'close',
  'host' => 'admin.yubei.cn',
)
[ info ] [ PARAM ] array (
)
[ info ] [ SESSION ] INIT array (
  'id' => '',
  'var_session_id' => '',
  'prefix' => 'think',
  'type' => '',
  'auto_start' => true,
)
[ info ] [ DB ] INIT mysql
[ info ] [ RUN ] app\controller\Channel->index[ D:\phpStudy\PHPTutorial\WWW\yubei\admin\app\controller\Channel.php ]
[ info ] [ VIEW ] D:\phpStudy\PHPTutorial\WWW\yubei\admin\public/../app/view\channel\index.html [ array (
  0 => '_user',
  1 => '_menuList',
  2 => 'list',
) ]
[ info ] [ LOG ] INIT File
[ sql ] [ DB ] CONNECT:[ UseTime:0.001469s ] mysql:host=127.0.0.1;port=3306;dbname=yubei;charset=utf8
[ sql ] [ SQL ] SHOW COLUMNS FROM `yb_admin` [ RunTime:0.012030s ]
[ sql ] [ SQL ] SELECT * FROM `yb_admin` WHERE  `id` = 1 LIMIT 1 [ RunTime:0.000699s ]
[ sql ] [ SQL ] SHOW COLUMNS FROM `yb_admin_menu` [ RunTime:0.011473s ]
[ sql ] [ SQL ] SELECT * FROM `yb_admin_menu` WHERE  `status` = 0  AND `level` = 0 [ RunTime:0.000702s ]
[ sql ] [ SQL ] SELECT * FROM `yb_admin_menu` WHERE  `status` = 0  AND `level` > 0 [ RunTime:0.000486s ]
[ sql ] [ SQL ] SHOW COLUMNS FROM `yb_channel` [ RunTime:0.015547s ]
[ sql ] [ SQL ] SELECT COUNT(*) AS tp_count FROM `yb_channel` LIMIT 1 [ RunTime:0.000628s ]
[ sql ] [ SQL ] SELECT * FROM `yb_channel` LIMIT 0,15 [ RunTime:0.000519s ]
---------------------------------------------------------------
[ 2018-06-13T12:17:08+08:00 ] 127.0.0.1 GET /channel/index.html
[ info ] admin.yubei.cn/channel/index.html [运行时间：0.222912s][吞吐率：4.49req/s] [内存消耗：2,292.73kb] [文件加载：60]
[ info ] [ LANG ] D:\phpStudy\PHPTutorial\WWW\yubei\admin\thinkphp\lang\zh-cn.php
[ info ] [ ROUTE ] array (
  'type' => 'module',
  'module' => 
  array (
    0 => NULL,
    1 => 'channel',
    2 => 'index',
  ),
)
[ info ] [ HEADER ] array (
  'cookie' => 'PHPSESSID=aejvpa7eedijrcobf4k7mrvqp5',
  'accept-language' => 'zh-CN,zh;q=0.9',
  'accept-encoding' => 'gzip, deflate',
  'accept' => 'text/html,application/xhtml+xml,application/xml;q=0.9,image/webp,image/apng,*/*;q=0.8',
  'upgrade-insecure-requests' => '1',
  'user-agent' => 'Mozilla/5.0 (Windows NT 10.0; WOW64) AppleWebKit/537.36 (KHTML, like Gecko) Chrome/62.0.3202.75 Safari/537.36',
  'connection' => 'close',
  'host' => 'admin.yubei.cn',
)
[ info ] [ PARAM ] array (
)
[ info ] [ SESSION ] INIT array (
  'id' => '',
  'var_session_id' => '',
  'prefix' => 'think',
  'type' => '',
  'auto_start' => true,
)
[ info ] [ DB ] INIT mysql
[ info ] [ RUN ] app\controller\Channel->index[ D:\phpStudy\PHPTutorial\WWW\yubei\admin\app\controller\Channel.php ]
[ info ] [ VIEW ] D:\phpStudy\PHPTutorial\WWW\yubei\admin\public/../app/view\channel\index.html [ array (
  0 => '_user',
  1 => '_menuList',
  2 => 'list',
) ]
[ info ] [ LOG ] INIT File
[ sql ] [ DB ] CONNECT:[ UseTime:0.002568s ] mysql:host=127.0.0.1;port=3306;dbname=yubei;charset=utf8
[ sql ] [ SQL ] SHOW COLUMNS FROM `yb_admin` [ RunTime:0.030493s ]
[ sql ] [ SQL ] SELECT * FROM `yb_admin` WHERE  `id` = 1 LIMIT 1 [ RunTime:0.000984s ]
[ sql ] [ SQL ] SHOW COLUMNS FROM `yb_admin_menu` [ RunTime:0.033354s ]
[ sql ] [ SQL ] SELECT * FROM `yb_admin_menu` WHERE  `status` = 0  AND `level` = 0 [ RunTime:0.001345s ]
[ sql ] [ SQL ] SELECT * FROM `yb_admin_menu` WHERE  `status` = 0  AND `level` > 0 [ RunTime:0.000987s ]
[ sql ] [ SQL ] SHOW COLUMNS FROM `yb_channel` [ RunTime:0.070375s ]
[ sql ] [ SQL ] SELECT COUNT(*) AS tp_count FROM `yb_channel` LIMIT 1 [ RunTime:0.000680s ]
[ sql ] [ SQL ] SELECT * FROM `yb_channel` LIMIT 0,15 [ RunTime:0.000603s ]
---------------------------------------------------------------
[ 2018-06-13T12:19:15+08:00 ] 127.0.0.1 GET /channel/index.html
[ info ] admin.yubei.cn/channel/index.html [运行时间：0.201593s][吞吐率：4.96req/s] [内存消耗：2,293.23kb] [文件加载：60]
[ info ] [ LANG ] D:\phpStudy\PHPTutorial\WWW\yubei\admin\thinkphp\lang\zh-cn.php
[ info ] [ ROUTE ] array (
  'type' => 'module',
  'module' => 
  array (
    0 => NULL,
    1 => 'channel',
    2 => 'index',
  ),
)
[ info ] [ HEADER ] array (
  'cookie' => 'PHPSESSID=aejvpa7eedijrcobf4k7mrvqp5',
  'accept-language' => 'zh-CN,zh;q=0.9',
  'accept-encoding' => 'gzip, deflate',
  'accept' => 'text/html,application/xhtml+xml,application/xml;q=0.9,image/webp,image/apng,*/*;q=0.8',
  'upgrade-insecure-requests' => '1',
  'user-agent' => 'Mozilla/5.0 (Windows NT 10.0; WOW64) AppleWebKit/537.36 (KHTML, like Gecko) Chrome/62.0.3202.75 Safari/537.36',
  'cache-control' => 'max-age=0',
  'connection' => 'close',
  'host' => 'admin.yubei.cn',
)
[ info ] [ PARAM ] array (
)
[ info ] [ SESSION ] INIT array (
  'id' => '',
  'var_session_id' => '',
  'prefix' => 'think',
  'type' => '',
  'auto_start' => true,
)
[ info ] [ DB ] INIT mysql
[ info ] [ RUN ] app\controller\Channel->index[ D:\phpStudy\PHPTutorial\WWW\yubei\admin\app\controller\Channel.php ]
[ info ] [ VIEW ] D:\phpStudy\PHPTutorial\WWW\yubei\admin\public/../app/view\channel\index.html [ array (
  0 => '_user',
  1 => '_menuList',
  2 => 'list',
) ]
[ info ] [ LOG ] INIT File
[ sql ] [ DB ] CONNECT:[ UseTime:0.001886s ] mysql:host=127.0.0.1;port=3306;dbname=yubei;charset=utf8
[ sql ] [ SQL ] SHOW COLUMNS FROM `yb_admin` [ RunTime:0.043750s ]
[ sql ] [ SQL ] SELECT * FROM `yb_admin` WHERE  `id` = 1 LIMIT 1 [ RunTime:0.001003s ]
[ sql ] [ SQL ] SHOW COLUMNS FROM `yb_admin_menu` [ RunTime:0.041943s ]
[ sql ] [ SQL ] SELECT * FROM `yb_admin_menu` WHERE  `status` = 0  AND `level` = 0 [ RunTime:0.000730s ]
[ sql ] [ SQL ] SELECT * FROM `yb_admin_menu` WHERE  `status` = 0  AND `level` > 0 [ RunTime:0.000537s ]
[ sql ] [ SQL ] SHOW COLUMNS FROM `yb_channel` [ RunTime:0.034838s ]
[ sql ] [ SQL ] SELECT COUNT(*) AS tp_count FROM `yb_channel` LIMIT 1 [ RunTime:0.000590s ]
[ sql ] [ SQL ] SELECT * FROM `yb_channel` LIMIT 0,15 [ RunTime:0.000631s ]
---------------------------------------------------------------
[ 2018-06-13T12:19:18+08:00 ] 127.0.0.1 GET /Channel/edit/id/3.html
[ info ] admin.yubei.cn/Channel/edit/id/3.html [运行时间：0.167707s][吞吐率：5.96req/s] [内存消耗：2,239.99kb] [文件加载：59]
[ info ] [ LANG ] D:\phpStudy\PHPTutorial\WWW\yubei\admin\thinkphp\lang\zh-cn.php
[ info ] [ ROUTE ] array (
  'type' => 'module',
  'module' => 
  array (
    0 => NULL,
    1 => 'Channel',
    2 => 'edit',
  ),
)
[ info ] [ HEADER ] array (
  'cookie' => 'PHPSESSID=aejvpa7eedijrcobf4k7mrvqp5',
  'accept-language' => 'zh-CN,zh;q=0.9',
  'accept-encoding' => 'gzip, deflate',
  'referer' => 'http://admin.yubei.cn/channel/index.html',
  'user-agent' => 'Mozilla/5.0 (Windows NT 10.0; WOW64) AppleWebKit/537.36 (KHTML, like Gecko) Chrome/62.0.3202.75 Safari/537.36',
  'x-requested-with' => 'XMLHttpRequest',
  'accept' => '*/*',
  'connection' => 'close',
  'host' => 'admin.yubei.cn',
)
[ info ] [ PARAM ] array (
  'id' => '3',
)
[ info ] [ SESSION ] INIT array (
  'id' => '',
  'var_session_id' => '',
  'prefix' => 'think',
  'type' => '',
  'auto_start' => true,
)
[ info ] [ DB ] INIT mysql
[ info ] [ RUN ] app\controller\Channel->edit[ D:\phpStudy\PHPTutorial\WWW\yubei\admin\app\controller\Channel.php ]
[ info ] [ VIEW ] D:\phpStudy\PHPTutorial\WWW\yubei\admin\public/../app/view\channel\edit.html [ array (
  0 => '_user',
  1 => '_menuList',
  2 => 'info',
  3 => 'app',
) ]
[ info ] [ LOG ] INIT File
[ sql ] [ DB ] CONNECT:[ UseTime:0.001444s ] mysql:host=127.0.0.1;port=3306;dbname=yubei;charset=utf8
[ sql ] [ SQL ] SHOW COLUMNS FROM `yb_admin` [ RunTime:0.033647s ]
[ sql ] [ SQL ] SELECT * FROM `yb_admin` WHERE  `id` = 1 LIMIT 1 [ RunTime:0.000721s ]
[ sql ] [ SQL ] SHOW COLUMNS FROM `yb_admin_menu` [ RunTime:0.032947s ]
[ sql ] [ SQL ] SELECT * FROM `yb_admin_menu` WHERE  `status` = 0  AND `level` = 0 [ RunTime:0.000745s ]
[ sql ] [ SQL ] SELECT * FROM `yb_admin_menu` WHERE  `status` = 0  AND `level` > 0 [ RunTime:0.000714s ]
[ sql ] [ SQL ] SHOW COLUMNS FROM `yb_channel` [ RunTime:0.033532s ]
[ sql ] [ SQL ] SELECT * FROM `yb_channel` WHERE  `id` = 3 LIMIT 1 [ RunTime:0.002823s ]
---------------------------------------------------------------
[ 2018-06-13T12:19:21+08:00 ] 127.0.0.1 GET /Channel/edit/id/5.html
[ info ] admin.yubei.cn/Channel/edit/id/5.html [运行时间：0.160676s][吞吐率：6.22req/s] [内存消耗：2,130.80kb] [文件加载：57]
[ info ] [ LANG ] D:\phpStudy\PHPTutorial\WWW\yubei\admin\thinkphp\lang\zh-cn.php
[ info ] [ ROUTE ] array (
  'type' => 'module',
  'module' => 
  array (
    0 => NULL,
    1 => 'Channel',
    2 => 'edit',
  ),
)
[ info ] [ HEADER ] array (
  'cookie' => 'PHPSESSID=aejvpa7eedijrcobf4k7mrvqp5',
  'accept-language' => 'zh-CN,zh;q=0.9',
  'accept-encoding' => 'gzip, deflate',
  'referer' => 'http://admin.yubei.cn/channel/index.html',
  'user-agent' => 'Mozilla/5.0 (Windows NT 10.0; WOW64) AppleWebKit/537.36 (KHTML, like Gecko) Chrome/62.0.3202.75 Safari/537.36',
  'x-requested-with' => 'XMLHttpRequest',
  'accept' => '*/*',
  'connection' => 'close',
  'host' => 'admin.yubei.cn',
)
[ info ] [ PARAM ] array (
  'id' => '5',
)
[ info ] [ SESSION ] INIT array (
  'id' => '',
  'var_session_id' => '',
  'prefix' => 'think',
  'type' => '',
  'auto_start' => true,
)
[ info ] [ DB ] INIT mysql
[ info ] [ RUN ] app\controller\Channel->edit[ D:\phpStudy\PHPTutorial\WWW\yubei\admin\app\controller\Channel.php ]
[ info ] [ VIEW ] D:\phpStudy\PHPTutorial\WWW\yubei\admin\public/../app/view\channel\edit.html [ array (
  0 => '_user',
  1 => '_menuList',
  2 => 'info',
  3 => 'app',
) ]
[ info ] [ LOG ] INIT File
[ sql ] [ DB ] CONNECT:[ UseTime:0.001267s ] mysql:host=127.0.0.1;port=3306;dbname=yubei;charset=utf8
[ sql ] [ SQL ] SHOW COLUMNS FROM `yb_admin` [ RunTime:0.033907s ]
[ sql ] [ SQL ] SELECT * FROM `yb_admin` WHERE  `id` = 1 LIMIT 1 [ RunTime:0.000976s ]
[ sql ] [ SQL ] SHOW COLUMNS FROM `yb_admin_menu` [ RunTime:0.032604s ]
[ sql ] [ SQL ] SELECT * FROM `yb_admin_menu` WHERE  `status` = 0  AND `level` = 0 [ RunTime:0.000747s ]
[ sql ] [ SQL ] SELECT * FROM `yb_admin_menu` WHERE  `status` = 0  AND `level` > 0 [ RunTime:0.000844s ]
[ sql ] [ SQL ] SHOW COLUMNS FROM `yb_channel` [ RunTime:0.032889s ]
[ sql ] [ SQL ] SELECT * FROM `yb_channel` WHERE  `id` = 5 LIMIT 1 [ RunTime:0.000906s ]
---------------------------------------------------------------
[ 2018-06-13T12:19:42+08:00 ] 127.0.0.1 POST /channel/update.html
[ info ] admin.yubei.cn/channel/update.html [运行时间：0.039060s][吞吐率：25.60req/s] [内存消耗：1,167.25kb] [文件加载：46]
[ info ] [ LANG ] D:\phpStudy\PHPTutorial\WWW\yubei\admin\thinkphp\lang\zh-cn.php
[ info ] [ ROUTE ] array (
  'type' => 'module',
  'module' => 
  array (
    0 => NULL,
    1 => 'channel',
    2 => 'update',
  ),
)
[ info ] [ HEADER ] array (
  'cookie' => 'PHPSESSID=aejvpa7eedijrcobf4k7mrvqp5',
  'accept-language' => 'zh-CN,zh;q=0.9',
  'accept-encoding' => 'gzip, deflate',
  'referer' => 'http://admin.yubei.cn/channel/index.html',
  'user-agent' => 'Mozilla/5.0 (Windows NT 10.0; WOW64) AppleWebKit/537.36 (KHTML, like Gecko) Chrome/62.0.3202.75 Safari/537.36',
  'x-requested-with' => 'XMLHttpRequest',
  'origin' => 'http://admin.yubei.cn',
  'accept' => 'application/json, text/javascript, */*; q=0.01',
  'content-length' => '0',
  'connection' => 'close',
  'host' => 'admin.yubei.cn',
)
[ info ] [ PARAM ] array (
)
[ info ] [ SESSION ] INIT array (
  'id' => '',
  'var_session_id' => '',
  'prefix' => 'think',
  'type' => '',
  'auto_start' => true,
)
[ info ] [ LOG ] INIT File
[ error ] [2]session_start(): Cannot send session cache limiter - headers already sent[D:\phpStudy\PHPTutorial\WWW\yubei\admin\thinkphp\library\think\Session.php:106]
---------------------------------------------------------------
[ 2018-06-13T12:19:46+08:00 ] 127.0.0.1 GET /channel/index.html
[ info ] admin.yubei.cn/channel/index.html [运行时间：0.168195s][吞吐率：5.95req/s] [内存消耗：2,293.23kb] [文件加载：60]
[ info ] [ LANG ] D:\phpStudy\PHPTutorial\WWW\yubei\admin\thinkphp\lang\zh-cn.php
[ info ] [ ROUTE ] array (
  'type' => 'module',
  'module' => 
  array (
    0 => NULL,
    1 => 'channel',
    2 => 'index',
  ),
)
[ info ] [ HEADER ] array (
  'cookie' => 'PHPSESSID=aejvpa7eedijrcobf4k7mrvqp5',
  'accept-language' => 'zh-CN,zh;q=0.9',
  'accept-encoding' => 'gzip, deflate',
  'accept' => 'text/html,application/xhtml+xml,application/xml;q=0.9,image/webp,image/apng,*/*;q=0.8',
  'upgrade-insecure-requests' => '1',
  'user-agent' => 'Mozilla/5.0 (Windows NT 10.0; WOW64) AppleWebKit/537.36 (KHTML, like Gecko) Chrome/62.0.3202.75 Safari/537.36',
  'cache-control' => 'max-age=0',
  'connection' => 'close',
  'host' => 'admin.yubei.cn',
)
[ info ] [ PARAM ] array (
)
[ info ] [ SESSION ] INIT array (
  'id' => '',
  'var_session_id' => '',
  'prefix' => 'think',
  'type' => '',
  'auto_start' => true,
)
[ info ] [ DB ] INIT mysql
[ info ] [ RUN ] app\controller\Channel->index[ D:\phpStudy\PHPTutorial\WWW\yubei\admin\app\controller\Channel.php ]
[ info ] [ VIEW ] D:\phpStudy\PHPTutorial\WWW\yubei\admin\public/../app/view\channel\index.html [ array (
  0 => '_user',
  1 => '_menuList',
  2 => 'list',
) ]
[ info ] [ LOG ] INIT File
[ sql ] [ DB ] CONNECT:[ UseTime:0.001489s ] mysql:host=127.0.0.1;port=3306;dbname=yubei;charset=utf8
[ sql ] [ SQL ] SHOW COLUMNS FROM `yb_admin` [ RunTime:0.038827s ]
[ sql ] [ SQL ] SELECT * FROM `yb_admin` WHERE  `id` = 1 LIMIT 1 [ RunTime:0.001249s ]
[ sql ] [ SQL ] SHOW COLUMNS FROM `yb_admin_menu` [ RunTime:0.034717s ]
[ sql ] [ SQL ] SELECT * FROM `yb_admin_menu` WHERE  `status` = 0  AND `level` = 0 [ RunTime:0.000708s ]
[ sql ] [ SQL ] SELECT * FROM `yb_admin_menu` WHERE  `status` = 0  AND `level` > 0 [ RunTime:0.000483s ]
[ sql ] [ SQL ] SHOW COLUMNS FROM `yb_channel` [ RunTime:0.034017s ]
[ sql ] [ SQL ] SELECT COUNT(*) AS tp_count FROM `yb_channel` LIMIT 1 [ RunTime:0.000575s ]
[ sql ] [ SQL ] SELECT * FROM `yb_channel` LIMIT 0,15 [ RunTime:0.000522s ]
---------------------------------------------------------------
[ 2018-06-13T12:19:47+08:00 ] 127.0.0.1 GET /channel/create.html
[ info ] admin.yubei.cn/channel/create.html [运行时间：0.131627s][吞吐率：7.60req/s] [内存消耗：2,210.54kb] [文件加载：58]
[ info ] [ LANG ] D:\phpStudy\PHPTutorial\WWW\yubei\admin\thinkphp\lang\zh-cn.php
[ info ] [ ROUTE ] array (
  'type' => 'module',
  'module' => 
  array (
    0 => NULL,
    1 => 'channel',
    2 => 'create',
  ),
)
[ info ] [ HEADER ] array (
  'cookie' => 'PHPSESSID=aejvpa7eedijrcobf4k7mrvqp5',
  'accept-language' => 'zh-CN,zh;q=0.9',
  'accept-encoding' => 'gzip, deflate',
  'referer' => 'http://admin.yubei.cn/channel/index.html',
  'user-agent' => 'Mozilla/5.0 (Windows NT 10.0; WOW64) AppleWebKit/537.36 (KHTML, like Gecko) Chrome/62.0.3202.75 Safari/537.36',
  'x-requested-with' => 'XMLHttpRequest',
  'accept' => '*/*',
  'connection' => 'close',
  'host' => 'admin.yubei.cn',
)
[ info ] [ PARAM ] array (
)
[ info ] [ SESSION ] INIT array (
  'id' => '',
  'var_session_id' => '',
  'prefix' => 'think',
  'type' => '',
  'auto_start' => true,
)
[ info ] [ DB ] INIT mysql
[ info ] [ RUN ] app\controller\Channel->create[ D:\phpStudy\PHPTutorial\WWW\yubei\admin\app\controller\Channel.php ]
[ info ] [ VIEW ] D:\phpStudy\PHPTutorial\WWW\yubei\admin\public/../app/view\channel\create.html [ array (
  0 => '_user',
  1 => '_menuList',
) ]
[ info ] [ LOG ] INIT File
[ sql ] [ DB ] CONNECT:[ UseTime:0.001266s ] mysql:host=127.0.0.1;port=3306;dbname=yubei;charset=utf8
[ sql ] [ SQL ] SHOW COLUMNS FROM `yb_admin` [ RunTime:0.033609s ]
[ sql ] [ SQL ] SELECT * FROM `yb_admin` WHERE  `id` = 1 LIMIT 1 [ RunTime:0.000758s ]
[ sql ] [ SQL ] SHOW COLUMNS FROM `yb_admin_menu` [ RunTime:0.034455s ]
[ sql ] [ SQL ] SELECT * FROM `yb_admin_menu` WHERE  `status` = 0  AND `level` = 0 [ RunTime:0.001121s ]
[ sql ] [ SQL ] SELECT * FROM `yb_admin_menu` WHERE  `status` = 0  AND `level` > 0 [ RunTime:0.000805s ]
---------------------------------------------------------------
[ 2018-06-13T12:19:57+08:00 ] 127.0.0.1 GET /channel/b.html
[ info ] admin.yubei.cn/channel/b.html [运行时间：0.124915s][吞吐率：8.01req/s] [内存消耗：2,110.68kb] [文件加载：57]
[ info ] [ LANG ] D:\phpStudy\PHPTutorial\WWW\yubei\admin\thinkphp\lang\zh-cn.php
[ info ] [ ROUTE ] array (
  'type' => 'module',
  'module' => 
  array (
    0 => NULL,
    1 => 'channel',
    2 => 'b',
  ),
)
[ info ] [ HEADER ] array (
  'cookie' => 'PHPSESSID=aejvpa7eedijrcobf4k7mrvqp5',
  'accept-language' => 'zh-CN,zh;q=0.9',
  'accept-encoding' => 'gzip, deflate',
  'referer' => 'http://admin.yubei.cn/channel/index.html',
  'accept' => 'text/html,application/xhtml+xml,application/xml;q=0.9,image/webp,image/apng,*/*;q=0.8',
  'user-agent' => 'Mozilla/5.0 (Windows NT 10.0; WOW64) AppleWebKit/537.36 (KHTML, like Gecko) Chrome/62.0.3202.75 Safari/537.36',
  'upgrade-insecure-requests' => '1',
  'connection' => 'close',
  'host' => 'admin.yubei.cn',
)
[ info ] [ PARAM ] array (
)
[ info ] [ SESSION ] INIT array (
  'id' => '',
  'var_session_id' => '',
  'prefix' => 'think',
  'type' => '',
  'auto_start' => true,
)
[ info ] [ DB ] INIT mysql
[ info ] [ LOG ] INIT File
[ sql ] [ DB ] CONNECT:[ UseTime:0.001590s ] mysql:host=127.0.0.1;port=3306;dbname=yubei;charset=utf8
[ sql ] [ SQL ] SHOW COLUMNS FROM `yb_admin` [ RunTime:0.033108s ]
[ sql ] [ SQL ] SELECT * FROM `yb_admin` WHERE  `id` = 1 LIMIT 1 [ RunTime:0.000797s ]
[ sql ] [ SQL ] SHOW COLUMNS FROM `yb_admin_menu` [ RunTime:0.033018s ]
[ sql ] [ SQL ] SELECT * FROM `yb_admin_menu` WHERE  `status` = 0  AND `level` = 0 [ RunTime:0.000926s ]
[ sql ] [ SQL ] SELECT * FROM `yb_admin_menu` WHERE  `status` = 0  AND `level` > 0 [ RunTime:0.000535s ]
---------------------------------------------------------------
[ 2018-06-13T12:19:59+08:00 ] 127.0.0.1 GET /channel/index.html
[ info ] admin.yubei.cn/channel/index.html [运行时间：0.161740s][吞吐率：6.18req/s] [内存消耗：2,292.73kb] [文件加载：60]
[ info ] [ LANG ] D:\phpStudy\PHPTutorial\WWW\yubei\admin\thinkphp\lang\zh-cn.php
[ info ] [ ROUTE ] array (
  'type' => 'module',
  'module' => 
  array (
    0 => NULL,
    1 => 'channel',
    2 => 'index',
  ),
)
[ info ] [ HEADER ] array (
  'cookie' => 'PHPSESSID=aejvpa7eedijrcobf4k7mrvqp5',
  'accept-language' => 'zh-CN,zh;q=0.9',
  'accept-encoding' => 'gzip, deflate',
  'accept' => 'text/html,application/xhtml+xml,application/xml;q=0.9,image/webp,image/apng,*/*;q=0.8',
  'upgrade-insecure-requests' => '1',
  'user-agent' => 'Mozilla/5.0 (Windows NT 10.0; WOW64) AppleWebKit/537.36 (KHTML, like Gecko) Chrome/62.0.3202.75 Safari/537.36',
  'connection' => 'close',
  'host' => 'admin.yubei.cn',
)
[ info ] [ PARAM ] array (
)
[ info ] [ SESSION ] INIT array (
  'id' => '',
  'var_session_id' => '',
  'prefix' => 'think',
  'type' => '',
  'auto_start' => true,
)
[ info ] [ DB ] INIT mysql
[ info ] [ RUN ] app\controller\Channel->index[ D:\phpStudy\PHPTutorial\WWW\yubei\admin\app\controller\Channel.php ]
[ info ] [ VIEW ] D:\phpStudy\PHPTutorial\WWW\yubei\admin\public/../app/view\channel\index.html [ array (
  0 => '_user',
  1 => '_menuList',
  2 => 'list',
) ]
[ info ] [ LOG ] INIT File
[ sql ] [ DB ] CONNECT:[ UseTime:0.001550s ] mysql:host=127.0.0.1;port=3306;dbname=yubei;charset=utf8
[ sql ] [ SQL ] SHOW COLUMNS FROM `yb_admin` [ RunTime:0.032426s ]
[ sql ] [ SQL ] SELECT * FROM `yb_admin` WHERE  `id` = 1 LIMIT 1 [ RunTime:0.000837s ]
[ sql ] [ SQL ] SHOW COLUMNS FROM `yb_admin_menu` [ RunTime:0.032667s ]
[ sql ] [ SQL ] SELECT * FROM `yb_admin_menu` WHERE  `status` = 0  AND `level` = 0 [ RunTime:0.000729s ]
[ sql ] [ SQL ] SELECT * FROM `yb_admin_menu` WHERE  `status` = 0  AND `level` > 0 [ RunTime:0.000493s ]
[ sql ] [ SQL ] SHOW COLUMNS FROM `yb_channel` [ RunTime:0.032924s ]
[ sql ] [ SQL ] SELECT COUNT(*) AS tp_count FROM `yb_channel` LIMIT 1 [ RunTime:0.000676s ]
[ sql ] [ SQL ] SELECT * FROM `yb_channel` LIMIT 0,15 [ RunTime:0.000789s ]
---------------------------------------------------------------
[ 2018-06-13T12:20:01+08:00 ] 127.0.0.1 GET /channel/index.html
[ info ] admin.yubei.cn/channel/index.html [运行时间：0.165198s][吞吐率：6.05req/s] [内存消耗：2,293.09kb] [文件加载：60]
[ info ] [ LANG ] D:\phpStudy\PHPTutorial\WWW\yubei\admin\thinkphp\lang\zh-cn.php
[ info ] [ ROUTE ] array (
  'type' => 'module',
  'module' => 
  array (
    0 => NULL,
    1 => 'channel',
    2 => 'index',
  ),
)
[ info ] [ HEADER ] array (
  'cookie' => 'PHPSESSID=aejvpa7eedijrcobf4k7mrvqp5',
  'accept-language' => 'zh-CN,zh;q=0.9',
  'accept-encoding' => 'gzip, deflate',
  'referer' => 'http://admin.yubei.cn/channel/index.html',
  'accept' => 'text/html,application/xhtml+xml,application/xml;q=0.9,image/webp,image/apng,*/*;q=0.8',
  'user-agent' => 'Mozilla/5.0 (Windows NT 10.0; WOW64) AppleWebKit/537.36 (KHTML, like Gecko) Chrome/62.0.3202.75 Safari/537.36',
  'upgrade-insecure-requests' => '1',
  'connection' => 'close',
  'host' => 'admin.yubei.cn',
)
[ info ] [ PARAM ] array (
)
[ info ] [ SESSION ] INIT array (
  'id' => '',
  'var_session_id' => '',
  'prefix' => 'think',
  'type' => '',
  'auto_start' => true,
)
[ info ] [ DB ] INIT mysql
[ info ] [ RUN ] app\controller\Channel->index[ D:\phpStudy\PHPTutorial\WWW\yubei\admin\app\controller\Channel.php ]
[ info ] [ VIEW ] D:\phpStudy\PHPTutorial\WWW\yubei\admin\public/../app/view\channel\index.html [ array (
  0 => '_user',
  1 => '_menuList',
  2 => 'list',
) ]
[ info ] [ LOG ] INIT File
[ sql ] [ DB ] CONNECT:[ UseTime:0.001447s ] mysql:host=127.0.0.1;port=3306;dbname=yubei;charset=utf8
[ sql ] [ SQL ] SHOW COLUMNS FROM `yb_admin` [ RunTime:0.035636s ]
[ sql ] [ SQL ] SELECT * FROM `yb_admin` WHERE  `id` = 1 LIMIT 1 [ RunTime:0.000749s ]
[ sql ] [ SQL ] SHOW COLUMNS FROM `yb_admin_menu` [ RunTime:0.033083s ]
[ sql ] [ SQL ] SELECT * FROM `yb_admin_menu` WHERE  `status` = 0  AND `level` = 0 [ RunTime:0.000716s ]
[ sql ] [ SQL ] SELECT * FROM `yb_admin_menu` WHERE  `status` = 0  AND `level` > 0 [ RunTime:0.000483s ]
[ sql ] [ SQL ] SHOW COLUMNS FROM `yb_channel` [ RunTime:0.033516s ]
[ sql ] [ SQL ] SELECT COUNT(*) AS tp_count FROM `yb_channel` LIMIT 1 [ RunTime:0.000565s ]
[ sql ] [ SQL ] SELECT * FROM `yb_channel` LIMIT 0,15 [ RunTime:0.000764s ]
---------------------------------------------------------------
[ 2018-06-13T12:20:04+08:00 ] 127.0.0.1 GET /channel/index.html?sn=&status=+
[ info ] admin.yubei.cn/channel/index.html?sn=&status=+ [运行时间：0.163144s][吞吐率：6.13req/s] [内存消耗：2,277.43kb] [文件加载：60]
[ info ] [ LANG ] D:\phpStudy\PHPTutorial\WWW\yubei\admin\thinkphp\lang\zh-cn.php
[ info ] [ ROUTE ] array (
  'type' => 'module',
  'module' => 
  array (
    0 => NULL,
    1 => 'channel',
    2 => 'index',
  ),
)
[ info ] [ HEADER ] array (
  'cookie' => 'PHPSESSID=aejvpa7eedijrcobf4k7mrvqp5',
  'accept-language' => 'zh-CN,zh;q=0.9',
  'accept-encoding' => 'gzip, deflate',
  'referer' => 'http://admin.yubei.cn/channel/index.html',
  'accept' => 'text/html,application/xhtml+xml,application/xml;q=0.9,image/webp,image/apng,*/*;q=0.8',
  'user-agent' => 'Mozilla/5.0 (Windows NT 10.0; WOW64) AppleWebKit/537.36 (KHTML, like Gecko) Chrome/62.0.3202.75 Safari/537.36',
  'upgrade-insecure-requests' => '1',
  'connection' => 'close',
  'host' => 'admin.yubei.cn',
)
[ info ] [ PARAM ] array (
  'sn' => '',
  'status' => ' ',
)
[ info ] [ SESSION ] INIT array (
  'id' => '',
  'var_session_id' => '',
  'prefix' => 'think',
  'type' => '',
  'auto_start' => true,
)
[ info ] [ DB ] INIT mysql
[ info ] [ RUN ] app\controller\Channel->index[ D:\phpStudy\PHPTutorial\WWW\yubei\admin\app\controller\Channel.php ]
[ info ] [ VIEW ] D:\phpStudy\PHPTutorial\WWW\yubei\admin\public/../app/view\channel\index.html [ array (
  0 => '_user',
  1 => '_menuList',
  2 => 'list',
) ]
[ info ] [ LOG ] INIT File
[ sql ] [ DB ] CONNECT:[ UseTime:0.001561s ] mysql:host=127.0.0.1;port=3306;dbname=yubei;charset=utf8
[ sql ] [ SQL ] SHOW COLUMNS FROM `yb_admin` [ RunTime:0.032782s ]
[ sql ] [ SQL ] SELECT * FROM `yb_admin` WHERE  `id` = 1 LIMIT 1 [ RunTime:0.000746s ]
[ sql ] [ SQL ] SHOW COLUMNS FROM `yb_admin_menu` [ RunTime:0.033711s ]
[ sql ] [ SQL ] SELECT * FROM `yb_admin_menu` WHERE  `status` = 0  AND `level` = 0 [ RunTime:0.000890s ]
[ sql ] [ SQL ] SELECT * FROM `yb_admin_menu` WHERE  `status` = 0  AND `level` > 0 [ RunTime:0.000551s ]
[ sql ] [ SQL ] SHOW COLUMNS FROM `yb_channel` [ RunTime:0.033307s ]
[ sql ] [ SQL ] SELECT COUNT(*) AS tp_count FROM `yb_channel` WHERE  `status` = 0 LIMIT 1 [ RunTime:0.000614s ]
[ sql ] [ SQL ] SELECT * FROM `yb_channel` WHERE  `status` = 0 LIMIT 0,15 [ RunTime:0.000433s ]
---------------------------------------------------------------
[ 2018-06-13T12:20:09+08:00 ] 127.0.0.1 GET /channel/index.html?sn=&status=1
[ info ] admin.yubei.cn/channel/index.html?sn=&status=1 [运行时间：0.162168s][吞吐率：6.17req/s] [内存消耗：2,294.19kb] [文件加载：60]
[ info ] [ LANG ] D:\phpStudy\PHPTutorial\WWW\yubei\admin\thinkphp\lang\zh-cn.php
[ info ] [ ROUTE ] array (
  'type' => 'module',
  'module' => 
  array (
    0 => NULL,
    1 => 'channel',
    2 => 'index',
  ),
)
[ info ] [ HEADER ] array (
  'cookie' => 'PHPSESSID=aejvpa7eedijrcobf4k7mrvqp5',
  'accept-language' => 'zh-CN,zh;q=0.9',
  'accept-encoding' => 'gzip, deflate',
  'referer' => 'http://admin.yubei.cn/channel/index.html?sn=&status=+',
  'accept' => 'text/html,application/xhtml+xml,application/xml;q=0.9,image/webp,image/apng,*/*;q=0.8',
  'user-agent' => 'Mozilla/5.0 (Windows NT 10.0; WOW64) AppleWebKit/537.36 (KHTML, like Gecko) Chrome/62.0.3202.75 Safari/537.36',
  'upgrade-insecure-requests' => '1',
  'connection' => 'close',
  'host' => 'admin.yubei.cn',
)
[ info ] [ PARAM ] array (
  'sn' => '',
  'status' => '1',
)
[ info ] [ SESSION ] INIT array (
  'id' => '',
  'var_session_id' => '',
  'prefix' => 'think',
  'type' => '',
  'auto_start' => true,
)
[ info ] [ DB ] INIT mysql
[ info ] [ RUN ] app\controller\Channel->index[ D:\phpStudy\PHPTutorial\WWW\yubei\admin\app\controller\Channel.php ]
[ info ] [ VIEW ] D:\phpStudy\PHPTutorial\WWW\yubei\admin\public/../app/view\channel\index.html [ array (
  0 => '_user',
  1 => '_menuList',
  2 => 'list',
) ]
[ info ] [ LOG ] INIT File
[ sql ] [ DB ] CONNECT:[ UseTime:0.001549s ] mysql:host=127.0.0.1;port=3306;dbname=yubei;charset=utf8
[ sql ] [ SQL ] SHOW COLUMNS FROM `yb_admin` [ RunTime:0.032892s ]
[ sql ] [ SQL ] SELECT * FROM `yb_admin` WHERE  `id` = 1 LIMIT 1 [ RunTime:0.000777s ]
[ sql ] [ SQL ] SHOW COLUMNS FROM `yb_admin_menu` [ RunTime:0.033025s ]
[ sql ] [ SQL ] SELECT * FROM `yb_admin_menu` WHERE  `status` = 0  AND `level` = 0 [ RunTime:0.000713s ]
[ sql ] [ SQL ] SELECT * FROM `yb_admin_menu` WHERE  `status` = 0  AND `level` > 0 [ RunTime:0.000513s ]
[ sql ] [ SQL ] SHOW COLUMNS FROM `yb_channel` [ RunTime:0.032444s ]
[ sql ] [ SQL ] SELECT COUNT(*) AS tp_count FROM `yb_channel` WHERE  `status` = 1 LIMIT 1 [ RunTime:0.000703s ]
[ sql ] [ SQL ] SELECT * FROM `yb_channel` WHERE  `status` = 1 LIMIT 0,15 [ RunTime:0.000529s ]
